2025-08-21 16:37:40,017 - mysql.connector - INFO - package: mysql.connector.plugins
2025-08-21 16:37:40,018 - mysql.connector - INFO - plugin_name: mysql_native_password
2025-08-21 16:37:40,020 - mysql.connector - INFO - AUTHENTICATION_PLUGIN_CLASS: MySQLNativePasswordAuthPlugin
2025-08-21 16:37:40,194 - core.database_handler - INFO -  Database connected successfully
2025-08-21 16:37:40,233 - core.database_handler - INFO - Database connection closed
2025-08-21 16:38:03,219 - mysql.connector - INFO - package: mysql.connector.plugins
2025-08-21 16:38:03,219 - mysql.connector - INFO - plugin_name: mysql_native_password
2025-08-21 16:38:03,229 - mysql.connector - INFO - AUTHENTICATION_PLUGIN_CLASS: MySQLNativePasswordAuthPlugin
2025-08-21 16:38:03,323 - core.database_handler - INFO -  Database connected successfully
2025-08-21 16:38:03,346 - core.database_handler - INFO - Database connection closed
2025-08-21 16:38:03,673 - core.database_handler - INFO -  Database connected successfully
2025-08-21 16:38:03,788 - core.database_handler - ERROR -  Query execution error: 1064 (42000): You have an error in your SQL syntax; check the manual that corresponds to your MySQL server version for the right syntax to use near 'IF NOT EXISTS zone_configuration JSON DEFAULT NULL' at line 1
2025-08-21 16:38:03,897 - core.database_handler - ERROR -  Query execution error: 1064 (42000): You have an error in your SQL syntax; check the manual that corresponds to your MySQL server version for the right syntax to use near 'IF NOT EXISTS processing_rules JSON DEFAULT NULL' at line 1
2025-08-21 16:38:04,001 - core.database_handler - ERROR -  Query execution error: 1064 (42000): You have an error in your SQL syntax; check the manual that corresponds to your MySQL server version for the right syntax to use near 'IF NOT EXISTS connection_status ENUM('connected', 'disconnected', 'error') DEFAU' at line 1
2025-08-21 16:38:04,108 - core.database_handler - ERROR -  Query execution error: 1064 (42000): You have an error in your SQL syntax; check the manual that corresponds to your MySQL server version for the right syntax to use near 'IF NOT EXISTS last_seen TIMESTAMP DEFAULT CURRENT_TIMESTAMP ON UPDATE CURRENT_TI' at line 1
2025-08-21 16:38:04,215 - core.database_handler - ERROR -  Query execution error: 1064 (42000): You have an error in your SQL syntax; check the manual that corresponds to your MySQL server version for the right syntax to use near 'IF NOT EXISTS processing_time_ms INT DEFAULT NULL' at line 1
2025-08-21 16:38:04,320 - core.database_handler - ERROR -  Query execution error: 1064 (42000): You have an error in your SQL syntax; check the manual that corresponds to your MySQL server version for the right syntax to use near 'IF NOT EXISTS model_version VARCHAR(50) DEFAULT NULL' at line 1
2025-08-21 16:38:04,428 - core.database_handler - ERROR -  Query execution error: 1054 (42S22): Unknown column 'connection_status' in 'field list'
2025-08-21 16:38:04,535 - core.database_handler - ERROR -  Query execution error: 1064 (42000): You have an error in your SQL syntax; check the manual that corresponds to your MySQL server version for the right syntax to use near 'END //

CREATE PROCEDURE UpdateCameraHealth(
    IN p_camera_id INT,
    IN p_co' at line 1
2025-08-21 16:38:04,641 - core.database_handler - ERROR -  Query execution error: 1064 (42000): You have an error in your SQL syntax; check the manual that corresponds to your MySQL server version for the right syntax to use near 'END //

CREATE PROCEDURE GetSystemPerformanceStats(IN hours_back INT)
BEGIN
    ' at line 1
2025-08-21 16:38:04,750 - core.database_handler - ERROR -  Query execution error: 1064 (42000): You have an error in your SQL syntax; check the manual that corresponds to your MySQL server version for the right syntax to use near 'END //

DELIMITER' at line 1
2025-08-21 16:38:04,938 - core.database_handler - ERROR -  Query execution error: 1054 (42S22): Unknown column 'primary_use_case' in 'field list'
2025-08-21 16:38:05,059 - core.database_handler - ERROR -  Query execution error: 1146 (42S02): Table 'dc_test.camera_use_cases' doesn't exist
2025-08-21 16:38:05,344 - core.database_handler - INFO - Database connection closed
2025-08-21 16:38:33,584 - mysql.connector - INFO - package: mysql.connector.plugins
2025-08-21 16:38:33,585 - mysql.connector - INFO - plugin_name: mysql_native_password
2025-08-21 16:38:33,587 - mysql.connector - INFO - AUTHENTICATION_PLUGIN_CLASS: MySQLNativePasswordAuthPlugin
2025-08-21 16:38:33,731 - core.database_handler - INFO -  Database connected successfully
2025-08-21 16:38:33,768 - core.database_handler - INFO - Database connection closed
2025-08-21 16:40:53,971 - mysql.connector - INFO - package: mysql.connector.plugins
2025-08-21 16:40:53,972 - mysql.connector - INFO - plugin_name: mysql_native_password
2025-08-21 16:40:53,973 - mysql.connector - INFO - AUTHENTICATION_PLUGIN_CLASS: MySQLNativePasswordAuthPlugin
2025-08-21 16:40:54,095 - core.database_handler - INFO -  Database connected successfully
2025-08-21 16:40:54,124 - core.database_handler - INFO - Database connection closed
